<?xml version="1.0" encoding="UTF-8"?>
<!-- Generated by org.testng.reporters.JUnitXMLReporter -->
<testsuite hostname="FWVDI-APACVM-12.freshworks-corp.com" ignored="0" name="Default test" tests="3" failures="0" timestamp="2020-12-31T06:55:25 IST" time="11.171" errors="0">
  <testcase name="checkURL" time="0.011" classname="testcases.LoginTestcase"/>
  <testcase name="loginWithInvalidCredentials" time="2.536" classname="testcases.LoginTestcase"/>
  <testcase name="noCredentialsVerification" time="2.117" classname="testcases.LoginTestcase"/>
</testsuite> <!-- Default test -->
