<?xml version="1.0" encoding="UTF-8"?>
<!-- Generated by org.testng.reporters.JUnitXMLReporter -->
<testsuite hostname="FWVDI-APACVM-12.freshworks-corp.com" ignored="0" name="LoginTest" tests="3" failures="0" timestamp="2021-01-07T11:00:34 IST" time="12.322" errors="0">
  <testcase name="checkURL" time="0.097" classname="testcases.LoginTestcase"/>
  <testcase name="loginWithInvalidCredentials" time="3.444" classname="testcases.LoginTestcase"/>
  <testcase name="noCredentialsVerification" time="2.316" classname="testcases.LoginTestcase"/>
</testsuite> <!-- LoginTest -->
